<?xml version="1.0" encoding="UTF-8"?>
<!-- Generated by org.testng.reporters.JUnitReportReporter -->
<testsuite hostname="DESKTOP-328IGSR" name="ChromeBrowserLaunch" tests="1" failures="0" timestamp="20 Oct 2022 06:44:27 GMT" time="6.119" errors="0">
  <testcase name="chrometest" time="6.119" classname="ChromeBrowserLaunch"/>
</testsuite> <!-- ChromeBrowserLaunch -->
