<?xml version="1.0" encoding="UTF-8"?>
<!-- Generated by org.testng.reporters.JUnitReportReporter -->
<testsuite hostname="DESKTOP-N8FNU65" name="mavenPackage.DraganDropDemo1" tests="1" failures="0" timestamp="26 Oct 2022 06:53:14 GMT" time="4.697" errors="0">
  <testcase name="draganAndDrop" time="4.697" classname="mavenPackage.DraganDropDemo1"/>
</testsuite> <!-- mavenPackage.DraganDropDemo1 -->
