<?xml version="1.0" encoding="UTF-8"?>
<!-- Generated by org.testng.reporters.JUnitReportReporter -->
<testsuite hostname="DESKTOP-N8FNU65" name="mavenPackage.LocatorsDemo1" tests="1" failures="0" timestamp="26 Oct 2022 06:57:02 GMT" time="6.125" errors="0">
  <testcase name="locatorsDemoTest" time="6.125" classname="mavenPackage.LocatorsDemo1"/>
</testsuite> <!-- mavenPackage.LocatorsDemo1 -->
