<?xml version="1.0" encoding="UTF-8"?>
<!-- Generated by org.testng.reporters.JUnitReportReporter -->
<testsuite hostname="DESKTOP-N8FNU65" name="mavenPackage.CheckBoxDemo3" tests="1" failures="0" timestamp="26 Oct 2022 06:53:14 GMT" time="7.076" errors="0">
  <testcase name="checkBoxTest3" time="7.076" classname="mavenPackage.CheckBoxDemo3"/>
</testsuite> <!-- mavenPackage.CheckBoxDemo3 -->
