<?xml version="1.0" encoding="UTF-8"?>
<!-- Generated by org.testng.reporters.JUnitReportReporter -->
<testsuite hostname="DESKTOP-328IGSR" name="CheckBoxDemo3" tests="1" failures="0" timestamp="20 Oct 2022 06:40:38 GMT" time="7.750" errors="0">
  <testcase name="checkBoxTest3" time="7.750" classname="CheckBoxDemo3"/>
</testsuite> <!-- CheckBoxDemo3 -->
