<?xml version="1.0" encoding="UTF-8"?>
<!-- Generated by org.testng.reporters.JUnitReportReporter -->
<testsuite hostname="DESKTOP-328IGSR" name="TestNgDemo" tests="1" failures="0" timestamp="20 Oct 2022 06:57:15 GMT" time="0.016" errors="0">
  <testcase name="funA" time="0.016" classname="TestNgDemo"/>
</testsuite> <!-- TestNgDemo -->
