<?xml version="1.0" encoding="UTF-8"?>
<!-- Generated by org.testng.reporters.JUnitReportReporter -->
<testsuite hostname="DESKTOP-N8FNU65" name="mavenPackage.RadioButtonDemo1" tests="1" failures="0" timestamp="26 Oct 2022 06:53:14 GMT" time="5.488" errors="0">
  <testcase name="radioButtonDemoTest" time="5.488" classname="mavenPackage.RadioButtonDemo1"/>
</testsuite> <!-- mavenPackage.RadioButtonDemo1 -->
