<?xml version="1.0" encoding="UTF-8"?>
<!-- Generated by org.testng.reporters.JUnitReportReporter -->
<testsuite hostname="DESKTOP-N8FNU65" name="mavenPackage.IframeDemo1" tests="1" failures="0" timestamp="26 Oct 2022 06:53:14 GMT" time="7.405" errors="0">
  <testcase name="iframeDemo1" time="7.405" classname="mavenPackage.IframeDemo1"/>
</testsuite> <!-- mavenPackage.IframeDemo1 -->
