<?xml version="1.0" encoding="UTF-8"?>
<!-- Generated by org.testng.reporters.JUnitReportReporter -->
<testsuite hostname="DESKTOP-N8FNU65" name="mavenPackage.PopWindoDemo1" tests="1" failures="0" timestamp="26 Oct 2022 06:53:14 GMT" time="10.494" errors="0">
  <testcase name="popWindoTest" time="10.494" classname="mavenPackage.PopWindoDemo1"/>
</testsuite> <!-- mavenPackage.PopWindoDemo1 -->
