<?xml version="1.0" encoding="UTF-8"?>
<!-- Generated by org.testng.reporters.JUnitReportReporter -->
<testsuite hostname="DESKTOP-N8FNU65" name="mavenPackage.ChromeBrowserLaunch" tests="1" failures="0" timestamp="26 Oct 2022 06:53:14 GMT" time="4.118" errors="0">
  <testcase name="chrometest" time="4.118" classname="mavenPackage.ChromeBrowserLaunch"/>
</testsuite> <!-- mavenPackage.ChromeBrowserLaunch -->
