<?xml version="1.0" encoding="UTF-8"?>
<!-- Generated by org.testng.reporters.JUnitReportReporter -->
<testsuite hostname="DESKTOP-9U9EC1K" name="mavenPackage.LocatorsDemo1" tests="1" failures="0" timestamp="6 Nov 2022 18:09:23 GMT" time="10.879" errors="0">
  <testcase name="locatorsDemoTest" time="10.879" classname="mavenPackage.LocatorsDemo1"/>
</testsuite> <!-- mavenPackage.LocatorsDemo1 -->
