<?xml version="1.0" encoding="UTF-8"?>
<!-- Generated by org.testng.reporters.JUnitReportReporter -->
<testsuite hostname="DESKTOP-9U9EC1K" name="mavenPackage.ChromeBrowserLaunch" tests="1" failures="0" timestamp="6 Nov 2022 18:09:23 GMT" time="6.806" errors="0">
  <testcase name="chrometest" time="6.806" classname="mavenPackage.ChromeBrowserLaunch"/>
</testsuite> <!-- mavenPackage.ChromeBrowserLaunch -->
