<?xml version="1.0" encoding="UTF-8"?>
<!-- Generated by org.testng.reporters.JUnitReportReporter -->
<testsuite hostname="DESKTOP-9U9EC1K" name="mavenPackage.RadioButtonDemo1" tests="1" failures="0" timestamp="6 Nov 2022 18:09:23 GMT" time="19.589" errors="0">
  <testcase name="radioButtonDemoTest" time="19.589" classname="mavenPackage.RadioButtonDemo1"/>
</testsuite> <!-- mavenPackage.RadioButtonDemo1 -->
