<?xml version="1.0" encoding="UTF-8"?>
<!-- Generated by org.testng.reporters.JUnitReportReporter -->
<testsuite hostname="DESKTOP-9U9EC1K" name="mavenPackage.PopWindoDemo1" tests="1" failures="0" timestamp="6 Nov 2022 18:09:23 GMT" time="23.388" errors="0">
  <testcase name="popWindoTest" time="23.388" classname="mavenPackage.PopWindoDemo1"/>
</testsuite> <!-- mavenPackage.PopWindoDemo1 -->
