<?xml version="1.0" encoding="UTF-8"?>
<!-- Generated by org.testng.reporters.JUnitReportReporter -->
<testsuite hostname="DESKTOP-9U9EC1K" name="mavenPackage.IframeDemo1" tests="1" failures="0" timestamp="6 Nov 2022 18:09:23 GMT" time="9.982" errors="0">
  <testcase name="iframeDemo1" time="9.982" classname="mavenPackage.IframeDemo1"/>
</testsuite> <!-- mavenPackage.IframeDemo1 -->
