<?xml version="1.0" encoding="UTF-8"?>
<!-- Generated by org.testng.reporters.JUnitReportReporter -->
<testsuite hostname="DESKTOP-9U9EC1K" name="mavenPackage.DraganDropDemo1" tests="1" failures="0" timestamp="6 Nov 2022 18:09:23 GMT" time="10.134" errors="0">
  <testcase name="draganAndDrop" time="10.134" classname="mavenPackage.DraganDropDemo1"/>
</testsuite> <!-- mavenPackage.DraganDropDemo1 -->
