<?xml version="1.0" encoding="UTF-8"?>
<!-- Generated by org.testng.reporters.JUnitReportReporter -->
<testsuite hostname="DESKTOP-9U9EC1K" name="mavenPackage.CheckBoxDemo3" tests="1" failures="0" timestamp="6 Nov 2022 18:09:23 GMT" time="11.691" errors="0">
  <testcase name="checkBoxTest3" time="11.691" classname="mavenPackage.CheckBoxDemo3"/>
</testsuite> <!-- mavenPackage.CheckBoxDemo3 -->
